2025-04-24 14:28:56:2856 [31merror[39m: [31mFile does not exist: /home/rama-canon/scraper/sports_odds.json[39m
2025-04-24 14:28:56:2856 [31merror[39m: [31mError in getAllOdds: Error: Odds data file not found[39m
2025-04-24 14:28:56:2856 [31merror[39m: [31mFile does not exist: /home/rama-canon/scraper/sports_odds.json[39m
2025-04-24 14:28:56:2856 [31merror[39m: [31mError getting available sports: Error: Odds data file not found[39m
2025-04-24 14:28:56:2856 [31merror[39m: [31mError in getAvailableSports: Error: Odds data file not found[39m
2025-04-24 14:30:09:309 [31merror[39m: [31mFile does not exist: /home/rama-canon/scraper/sports_odds.json[39m
2025-04-24 14:30:09:309 [31merror[39m: [31mError in getAllOdds: Error: Odds data file not found[39m
2025-04-24 14:30:09:309 [31merror[39m: [31mFile does not exist: /home/rama-canon/scraper/sports_odds.json[39m
2025-04-24 14:30:09:309 [31merror[39m: [31mError getting available sports: Error: Odds data file not found[39m
2025-04-24 14:30:09:309 [31merror[39m: [31mError in getAvailableSports: Error: Odds data file not found[39m
2025-04-24 14:31:51:3151 [31merror[39m: [31mFile does not exist: /home/rama-canon/scraper/sports_odds.json[39m
2025-04-24 14:31:51:3151 [31merror[39m: [31mError in getAllOdds: Error: Odds data file not found[39m
2025-04-24 14:31:52:3152 [31merror[39m: [31mFile does not exist: /home/rama-canon/scraper/sports_odds.json[39m
2025-04-24 14:31:52:3152 [31merror[39m: [31mError in getAllOdds: Error: Odds data file not found[39m
2025-04-24 14:31:53:3153 [31merror[39m: [31mFile does not exist: /home/rama-canon/scraper/sports_odds.json[39m
2025-04-24 14:31:53:3153 [31merror[39m: [31mError in getAllOdds: Error: Odds data file not found[39m
2025-04-24 14:31:53:3153 [31merror[39m: [31mFile does not exist: /home/rama-canon/scraper/sports_odds.json[39m
2025-04-24 14:31:53:3153 [31merror[39m: [31mError getting available sports: Error: Odds data file not found[39m
2025-04-24 14:31:53:3153 [31merror[39m: [31mError in getAvailableSports: Error: Odds data file not found[39m
2025-04-24 14:32:02:322 [31merror[39m: [31mFile does not exist: /home/rama-canon/scraper/sports_odds.json[39m
2025-04-24 14:32:02:322 [31merror[39m: [31mError in getAllOdds: Error: Odds data file not found[39m
2025-04-24 14:39:21:3921 [31merror[39m: [31mFile does not exist: /home/rama-canon/scraper/sports_odds.json[39m
2025-04-24 14:39:21:3921 [31merror[39m: [31mError in getAllOdds: Error: Odds data file not found[39m
2025-04-24 14:39:21:3921 [31merror[39m: [31mFile does not exist: /home/rama-canon/scraper/sports_odds.json[39m
2025-04-24 14:39:21:3921 [31merror[39m: [31mError getting available sports: Error: Odds data file not found[39m
2025-04-24 14:39:21:3921 [31merror[39m: [31mError in getAvailableSports: Error: Odds data file not found[39m
2025-04-24 14:43:07:437 [31merror[39m: [31mFile does not exist: /home/rama-canon/scraper/sports_odds.json[39m
2025-04-24 14:43:07:437 [31merror[39m: [31mError getting available sports: Error: Odds data file not found[39m
2025-04-24 14:43:07:437 [31merror[39m: [31mError in getAvailableSports: Error: Odds data file not found[39m
2025-04-24 14:43:07:437 [31merror[39m: [31mFile does not exist: /home/rama-canon/scraper/sports_odds.json[39m
2025-04-24 14:43:07:437 [31merror[39m: [31mError in getAllOdds: Error: Odds data file not found[39m
2025-04-24 14:43:15:4315 [31merror[39m: [31mFile does not exist: /home/rama-canon/scraper/sports_odds.json[39m
2025-04-24 14:43:15:4315 [31merror[39m: [31mError getting available sports: Error: Odds data file not found[39m
2025-04-24 14:43:15:4315 [31merror[39m: [31mError in getAvailableSports: Error: Odds data file not found[39m
2025-04-24 14:43:15:4315 [31merror[39m: [31mFile does not exist: /home/rama-canon/scraper/sports_odds.json[39m
2025-04-24 14:43:15:4315 [31merror[39m: [31mError in getAllOdds: Error: Odds data file not found[39m
2025-04-24 14:43:23:4323 [31merror[39m: [31mFile does not exist: /home/rama-canon/scraper/sports_odds.json[39m
2025-04-24 14:43:23:4323 [31merror[39m: [31mError in getAllOdds: Error: Odds data file not found[39m
2025-04-24 14:43:23:4323 [31merror[39m: [31mFile does not exist: /home/rama-canon/scraper/sports_odds.json[39m
2025-04-24 14:43:23:4323 [31merror[39m: [31mError getting available sports: Error: Odds data file not found[39m
2025-04-24 14:43:23:4323 [31merror[39m: [31mError in getAvailableSports: Error: Odds data file not found[39m
2025-04-24 14:43:30:4330 [31merror[39m: [31mFile does not exist: /home/rama-canon/scraper/sports_odds.json[39m
2025-04-24 14:43:30:4330 [31merror[39m: [31mError in getAllOdds: Error: Odds data file not found[39m
2025-04-24 14:43:30:4330 [31merror[39m: [31mFile does not exist: /home/rama-canon/scraper/sports_odds.json[39m
2025-04-24 14:43:30:4330 [31merror[39m: [31mError getting available sports: Error: Odds data file not found[39m
2025-04-24 14:43:30:4330 [31merror[39m: [31mError in getAvailableSports: Error: Odds data file not found[39m
2025-04-24 14:48:43:4843 [31merror[39m: [31mFile does not exist: /home/rama-canon/scraper/sports_odds.json[39m
2025-04-24 14:48:43:4843 [31merror[39m: [31mError getting available sports: Error: Odds data file not found[39m
2025-04-24 14:48:43:4843 [31merror[39m: [31mError in getAvailableSports: Error: Odds data file not found[39m
2025-04-24 14:48:43:4843 [31merror[39m: [31mFile does not exist: /home/rama-canon/scraper/sports_odds.json[39m
2025-04-24 14:48:43:4843 [31merror[39m: [31mError in getAllOdds: Error: Odds data file not found[39m
2025-04-24 14:56:22:5622 [31merror[39m: [31mFile does not exist: /home/rama-canon/scraper/sports_odds.json[39m
2025-04-24 14:56:22:5622 [31merror[39m: [31mError in getAllOdds: Error: Odds data file not found[39m
2025-04-24 14:56:22:5622 [31merror[39m: [31mFile does not exist: /home/rama-canon/scraper/sports_odds.json[39m
2025-04-24 14:56:22:5622 [31merror[39m: [31mError getting available sports: Error: Odds data file not found[39m
2025-04-24 14:56:22:5622 [31merror[39m: [31mError in getAvailableSports: Error: Odds data file not found[39m
2025-04-24 14:56:23:5623 [31merror[39m: [31mFile does not exist: /home/rama-canon/scraper/sports_odds.json[39m
2025-04-24 14:56:23:5623 [31merror[39m: [31mError in getAllOdds: Error: Odds data file not found[39m
2025-04-24 14:56:23:5623 [31merror[39m: [31mFile does not exist: /home/rama-canon/scraper/sports_odds.json[39m
2025-04-24 14:56:23:5623 [31merror[39m: [31mError getting available sports: Error: Odds data file not found[39m
2025-04-24 14:56:23:5623 [31merror[39m: [31mError in getAvailableSports: Error: Odds data file not found[39m
2025-04-24 14:56:24:5624 [31merror[39m: [31mFile does not exist: /home/rama-canon/scraper/sports_odds.json[39m
2025-04-24 14:56:24:5624 [31merror[39m: [31mError in getAllOdds: Error: Odds data file not found[39m
2025-04-24 14:56:24:5624 [31merror[39m: [31mFile does not exist: /home/rama-canon/scraper/sports_odds.json[39m
2025-04-24 14:56:24:5624 [31merror[39m: [31mError getting available sports: Error: Odds data file not found[39m
2025-04-24 14:56:24:5624 [31merror[39m: [31mError in getAvailableSports: Error: Odds data file not found[39m
2025-04-24 14:56:49:5649 [31merror[39m: [31mFile does not exist: /home/rama-canon/scraper/sports_odds.json[39m
2025-04-24 14:56:49:5649 [31merror[39m: [31mError in getAllOdds: Error: Odds data file not found[39m
2025-04-24 14:56:49:5649 [31merror[39m: [31mFile does not exist: /home/rama-canon/scraper/sports_odds.json[39m
2025-04-24 14:56:49:5649 [31merror[39m: [31mError getting available sports: Error: Odds data file not found[39m
2025-04-24 14:56:49:5649 [31merror[39m: [31mError in getAvailableSports: Error: Odds data file not found[39m
2025-04-24 14:56:55:5655 [31merror[39m: [31mFile does not exist: /home/rama-canon/scraper/sports_odds.json[39m
2025-04-24 14:56:55:5655 [31merror[39m: [31mError in getAllOdds: Error: Odds data file not found[39m
2025-04-24 15:06:19:619 [31merror[39m: [31mFile does not exist: /home/rama-canon/scraper/sports_odds.json[39m
2025-04-24 15:06:19:619 [31merror[39m: [31mError in getAllOdds: Error: Odds data file not found[39m
2025-04-24 15:06:19:619 [31merror[39m: [31mFile does not exist: /home/rama-canon/scraper/sports_odds.json[39m
2025-04-24 15:06:19:619 [31merror[39m: [31mError getting available sports: Error: Odds data file not found[39m
2025-04-24 15:06:19:619 [31merror[39m: [31mError in getAvailableSports: Error: Odds data file not found[39m
2025-04-24 15:11:50:1150 [31merror[39m: [31mFile does not exist: /home/rama-canon/scraper/sports_odds.json[39m
2025-04-24 15:11:50:1150 [31merror[39m: [31mError in getAllOdds: Error: Odds data file not found[39m
2025-04-24 15:11:50:1150 [31merror[39m: [31mFile does not exist: /home/rama-canon/scraper/sports_odds.json[39m
2025-04-24 15:11:50:1150 [31merror[39m: [31mError getting available sports: Error: Odds data file not found[39m
2025-04-24 15:11:50:1150 [31merror[39m: [31mError in getAvailableSports: Error: Odds data file not found[39m
2025-04-24 15:13:36:1336 [31merror[39m: [31mFile does not exist: /home/rama-canon/scraper/sports_odds.json[39m
2025-04-24 15:13:36:1336 [31merror[39m: [31mError in getAllOdds: Error: Odds data file not found[39m
2025-04-24 15:13:36:1336 [31merror[39m: [31mFile does not exist: /home/rama-canon/scraper/sports_odds.json[39m
2025-04-24 15:13:36:1336 [31merror[39m: [31mError getting available sports: Error: Odds data file not found[39m
2025-04-24 15:13:36:1336 [31merror[39m: [31mError in getAvailableSports: Error: Odds data file not found[39m
2025-04-24 15:21:24:2124 [31merror[39m: [31mFile does not exist: /home/rama-canon/scraper/sports_odds.json[39m
2025-04-24 15:21:24:2124 [31merror[39m: [31mError in getAllOdds: Error: Odds data file not found[39m
2025-04-24 15:21:24:2124 [31merror[39m: [31mFile does not exist: /home/rama-canon/scraper/sports_odds.json[39m
2025-04-24 15:21:24:2124 [31merror[39m: [31mError getting available sports: Error: Odds data file not found[39m
2025-04-24 15:21:24:2124 [31merror[39m: [31mError in getAvailableSports: Error: Odds data file not found[39m
2025-04-24 15:21:27:2127 [31merror[39m: [31mFile does not exist: /home/rama-canon/scraper/sports_odds.json[39m
2025-04-24 15:21:27:2127 [31merror[39m: [31mError in getAllOdds: Error: Odds data file not found[39m
2025-04-24 15:21:27:2127 [31merror[39m: [31mFile does not exist: /home/rama-canon/scraper/sports_odds.json[39m
2025-04-24 15:21:27:2127 [31merror[39m: [31mError getting available sports: Error: Odds data file not found[39m
2025-04-24 15:21:27:2127 [31merror[39m: [31mError in getAvailableSports: Error: Odds data file not found[39m
2025-04-24 15:21:29:2129 [31merror[39m: [31mFile does not exist: /home/rama-canon/scraper/sports_odds.json[39m
2025-04-24 15:21:29:2129 [31merror[39m: [31mError in getAllOdds: Error: Odds data file not found[39m
2025-04-24 15:21:29:2129 [31merror[39m: [31mFile does not exist: /home/rama-canon/scraper/sports_odds.json[39m
2025-04-24 15:21:29:2129 [31merror[39m: [31mError getting available sports: Error: Odds data file not found[39m
2025-04-24 15:21:29:2129 [31merror[39m: [31mError in getAvailableSports: Error: Odds data file not found[39m
2025-04-24 15:55:26:5526 [31merror[39m: [31mFile does not exist: /home/rama-canon/scraper/sports_odds.json[39m
2025-04-24 15:55:26:5526 [31merror[39m: [31mError in getAllOdds: Error: Odds data file not found[39m
2025-04-24 15:55:26:5526 [31merror[39m: [31mFile does not exist: /home/rama-canon/scraper/sports_odds.json[39m
2025-04-24 15:55:26:5526 [31merror[39m: [31mError getting available sports: Error: Odds data file not found[39m
2025-04-24 15:55:26:5526 [31merror[39m: [31mError in getAvailableSports: Error: Odds data file not found[39m
2025-04-24 15:59:21:5921 [31merror[39m: [31mAuthentication error: TokenExpiredError: jwt expired[39m
2025-04-24 15:59:21:5921 [31merror[39m: [31mAuthentication error: TokenExpiredError: jwt expired[39m
2025-04-24 15:59:23:5923 [31merror[39m: [31mAuthentication error: TokenExpiredError: jwt expired[39m
2025-04-24 15:59:23:5923 [31merror[39m: [31mAuthentication error: TokenExpiredError: jwt expired[39m
2025-04-24 16:00:04:04 [31merror[39m: [31mAuthentication error: TokenExpiredError: jwt expired[39m
2025-04-24 16:00:04:04 [31merror[39m: [31mAuthentication error: TokenExpiredError: jwt expired[39m
2025-04-24 16:00:05:05 [31merror[39m: [31mAuthentication error: TokenExpiredError: jwt expired[39m
2025-04-24 16:00:05:05 [31merror[39m: [31mAuthentication error: TokenExpiredError: jwt expired[39m
2025-04-24 16:00:14:014 [31merror[39m: [31mAuthentication error: TokenExpiredError: jwt expired[39m
2025-04-24 16:00:42:042 [31merror[39m: [31mFile does not exist: /home/rama-canon/scraper/sports_odds.json[39m
2025-04-24 16:00:42:042 [31merror[39m: [31mError in getAllOdds: Error: Odds data file not found[39m
2025-04-24 16:00:42:042 [31merror[39m: [31mFile does not exist: /home/rama-canon/scraper/sports_odds.json[39m
2025-04-24 16:00:42:042 [31merror[39m: [31mError getting available sports: Error: Odds data file not found[39m
2025-04-24 16:00:42:042 [31merror[39m: [31mError in getAvailableSports: Error: Odds data file not found[39m
2025-04-24 16:25:20:2520 [31merror[39m: [31mFile does not exist: /home/rama-canon/scraper/sports_odds.json[39m
2025-04-24 16:25:20:2520 [31merror[39m: [31mError in getAllOdds: Error: Odds data file not found[39m
2025-04-24 16:25:20:2520 [31merror[39m: [31mFile does not exist: /home/rama-canon/scraper/sports_odds.json[39m
2025-04-24 16:25:20:2520 [31merror[39m: [31mError getting available sports: Error: Odds data file not found[39m
2025-04-24 16:25:20:2520 [31merror[39m: [31mError in getAvailableSports: Error: Odds data file not found[39m
2025-04-24 16:25:23:2523 [31merror[39m: [31mFile does not exist: /home/rama-canon/scraper/sports_odds.json[39m
2025-04-24 16:25:23:2523 [31merror[39m: [31mError in getAllOdds: Error: Odds data file not found[39m
2025-04-24 16:25:23:2523 [31merror[39m: [31mFile does not exist: /home/rama-canon/scraper/sports_odds.json[39m
2025-04-24 16:25:23:2523 [31merror[39m: [31mError getting available sports: Error: Odds data file not found[39m
2025-04-24 16:25:23:2523 [31merror[39m: [31mError in getAvailableSports: Error: Odds data file not found[39m
2025-04-24 16:25:48:2548 [31merror[39m: [31mFile does not exist: /home/rama-canon/scraper/sports_odds.json[39m
2025-04-24 16:25:48:2548 [31merror[39m: [31mError in getAllOdds: Error: Odds data file not found[39m
2025-04-24 16:25:48:2548 [31merror[39m: [31mFile does not exist: /home/rama-canon/scraper/sports_odds.json[39m
2025-04-24 16:25:48:2548 [31merror[39m: [31mError getting available sports: Error: Odds data file not found[39m
2025-04-24 16:25:48:2548 [31merror[39m: [31mError in getAvailableSports: Error: Odds data file not found[39m
2025-04-24 16:29:44:2944 [31merror[39m: [31mFile does not exist: /home/rama-canon/scraper/sports_odds.json[39m
2025-04-24 16:29:44:2944 [31merror[39m: [31mError in getAllOdds: Error: Odds data file not found[39m
2025-04-24 16:29:44:2944 [31merror[39m: [31mFile does not exist: /home/rama-canon/scraper/sports_odds.json[39m
2025-04-24 16:29:44:2944 [31merror[39m: [31mError getting available sports: Error: Odds data file not found[39m
2025-04-24 16:29:44:2944 [31merror[39m: [31mError in getAvailableSports: Error: Odds data file not found[39m
2025-04-24 16:38:04:384 [31merror[39m: [31mFile does not exist: /home/rama-canon/scraper/sports_odds.json[39m
2025-04-24 16:38:04:384 [31merror[39m: [31mError in getAllOdds: Error: Odds data file not found[39m
2025-04-24 16:38:04:384 [31merror[39m: [31mFile does not exist: /home/rama-canon/scraper/sports_odds.json[39m
2025-04-24 16:38:04:384 [31merror[39m: [31mError getting available sports: Error: Odds data file not found[39m
2025-04-24 16:38:04:384 [31merror[39m: [31mError in getAvailableSports: Error: Odds data file not found[39m
2025-04-24 16:40:22:4022 [31merror[39m: [31mFile does not exist: /home/rama-canon/scraper/sports_odds.json[39m
2025-04-24 16:40:22:4022 [31merror[39m: [31mError in getAllOdds: Error: Odds data file not found[39m
2025-04-24 16:40:22:4022 [31merror[39m: [31mFile does not exist: /home/rama-canon/scraper/sports_odds.json[39m
2025-04-24 16:40:22:4022 [31merror[39m: [31mError getting available sports: Error: Odds data file not found[39m
2025-04-24 16:40:22:4022 [31merror[39m: [31mError in getAvailableSports: Error: Odds data file not found[39m
2025-04-24 16:42:24:4224 [31merror[39m: [31mFile does not exist: /home/rama-canon/scraper/sports_odds.json[39m
2025-04-24 16:42:24:4224 [31merror[39m: [31mError in getAllOdds: Error: Odds data file not found[39m
2025-04-24 16:42:24:4224 [31merror[39m: [31mFile does not exist: /home/rama-canon/scraper/sports_odds.json[39m
2025-04-24 16:42:24:4224 [31merror[39m: [31mError getting available sports: Error: Odds data file not found[39m
2025-04-24 16:42:24:4224 [31merror[39m: [31mError in getAvailableSports: Error: Odds data file not found[39m
2025-04-24 16:53:12:5312 [31merror[39m: [31mFile does not exist: /home/rama-canon/scraper/sports_odds.json[39m
2025-04-24 16:53:12:5312 [31merror[39m: [31mError in getAllOdds: Error: Odds data file not found[39m
2025-04-24 16:53:12:5312 [31merror[39m: [31mFile does not exist: /home/rama-canon/scraper/sports_odds.json[39m
2025-04-24 16:53:12:5312 [31merror[39m: [31mError getting available sports: Error: Odds data file not found[39m
2025-04-24 16:53:12:5312 [31merror[39m: [31mError in getAvailableSports: Error: Odds data file not found[39m
2025-04-24 16:53:43:5343 [31merror[39m: [31mFile does not exist: /home/rama-canon/scraper/sports_odds.json[39m
2025-04-24 16:53:43:5343 [31merror[39m: [31mError in getAllOdds: Error: Odds data file not found[39m
2025-04-24 16:53:43:5343 [31merror[39m: [31mFile does not exist: /home/rama-canon/scraper/sports_odds.json[39m
2025-04-24 16:53:43:5343 [31merror[39m: [31mError getting available sports: Error: Odds data file not found[39m
2025-04-24 16:53:43:5343 [31merror[39m: [31mError in getAvailableSports: Error: Odds data file not found[39m
2025-04-24 17:09:45:945 [31merror[39m: [31mFile does not exist: /home/rama-canon/faidarise-project/backend/scraper/sports_odds.json[39m
2025-04-24 17:09:45:945 [31merror[39m: [31mError getting available sports: Odds data file not found[39m
2025-04-24 17:09:45:945 [31merror[39m: [31mError in getAvailableSports: Error: Odds data file not found[39m
2025-04-24 17:09:45:945 [31merror[39m: [31mFile does not exist: /home/rama-canon/faidarise-project/backend/scraper/sports_odds.json[39m
2025-04-24 17:09:45:945 [31merror[39m: [31mError in getAllOdds: Error: Odds data file not found[39m
2025-04-24 17:18:43:1843 [31merror[39m: [31mFile does not exist: /home/rama-canon/faidarise-project/backend/scraper/sports_odds.json[39m
2025-04-24 17:18:43:1843 [31merror[39m: [31mError in getAllOdds: Error: Odds data file not found[39m
2025-04-24 17:18:43:1843 [31merror[39m: [31mFile does not exist: /home/rama-canon/faidarise-project/backend/scraper/sports_odds.json[39m
2025-04-24 17:18:43:1843 [31merror[39m: [31mError getting available sports: Odds data file not found[39m
2025-04-24 17:18:43:1843 [31merror[39m: [31mError in getAvailableSports: Error: Odds data file not found[39m
2025-04-24 19:47:25:4725 [31merror[39m: [31mAuthentication error: TokenExpiredError: jwt expired[39m
2025-04-24 19:47:25:4725 [31merror[39m: [31mAuthentication error: TokenExpiredError: jwt expired[39m
2025-04-24 19:47:29:4729 [31merror[39m: [31mAuthentication error: TokenExpiredError: jwt expired[39m
2025-04-24 19:47:29:4729 [31merror[39m: [31mAuthentication error: TokenExpiredError: jwt expired[39m
2025-04-24 19:55:05:555 [31merror[39m: [31mAuthentication error: TokenExpiredError: jwt expired[39m
2025-04-24 19:55:05:555 [31merror[39m: [31mAuthentication error: TokenExpiredError: jwt expired[39m
2025-04-24 19:55:39:5539 [31merror[39m: [31mAuthentication error: TokenExpiredError: jwt expired[39m
2025-04-24 19:55:39:5539 [31merror[39m: [31mAuthentication error: TokenExpiredError: jwt expired[39m
2025-04-24 19:55:53:5553 [31merror[39m: [31mAuthentication error: TokenExpiredError: jwt expired[39m
2025-04-24 19:55:53:5553 [31merror[39m: [31mAuthentication error: TokenExpiredError: jwt expired[39m
2025-04-24 19:56:07:567 [31merror[39m: [31mAuthentication error: TokenExpiredError: jwt expired[39m
2025-04-24 19:56:07:567 [31merror[39m: [31mAuthentication error: TokenExpiredError: jwt expired[39m
2025-04-24 19:57:38:5738 [31merror[39m: [31mAuthentication error: TokenExpiredError: jwt expired[39m
2025-04-24 19:57:38:5738 [31merror[39m: [31mAuthentication error: TokenExpiredError: jwt expired[39m
2025-04-24 19:58:42:5842 [31merror[39m: [31mAuthentication error: TokenExpiredError: jwt expired[39m
2025-04-24 19:58:42:5842 [31merror[39m: [31mAuthentication error: TokenExpiredError: jwt expired[39m
2025-04-24 19:59:58:5958 [31merror[39m: [31mAuthentication error: TokenExpiredError: jwt expired[39m
2025-04-24 19:59:58:5958 [31merror[39m: [31mAuthentication error: TokenExpiredError: jwt expired[39m
2025-04-24 20:02:31:231 [31merror[39m: [31mAuthentication error: TokenExpiredError: jwt expired[39m
2025-04-24 20:02:31:231 [31merror[39m: [31mAuthentication error: TokenExpiredError: jwt expired[39m
2025-04-24 20:04:09:49 [31merror[39m: [31mAuthentication error: TokenExpiredError: jwt expired[39m
2025-04-24 20:04:09:49 [31merror[39m: [31mAuthentication error: TokenExpiredError: jwt expired[39m
2025-04-24 20:04:17:417 [31merror[39m: [31mAuthentication error: TokenExpiredError: jwt expired[39m
2025-04-24 20:04:17:417 [31merror[39m: [31mAuthentication error: TokenExpiredError: jwt expired[39m
2025-04-24 20:04:18:418 [31merror[39m: [31mAuthentication error: TokenExpiredError: jwt expired[39m
2025-04-24 20:04:18:418 [31merror[39m: [31mAuthentication error: TokenExpiredError: jwt expired[39m
2025-04-24 20:06:35:635 [31merror[39m: [31mAuthentication error: TokenExpiredError: jwt expired[39m
2025-04-24 20:06:35:635 [31merror[39m: [31mAuthentication error: TokenExpiredError: jwt expired[39m
2025-04-24 20:06:41:641 [31merror[39m: [31mAuthentication error: TokenExpiredError: jwt expired[39m
2025-04-24 20:06:41:641 [31merror[39m: [31mAuthentication error: TokenExpiredError: jwt expired[39m
2025-04-24 20:06:44:644 [31merror[39m: [31mAuthentication error: TokenExpiredError: jwt expired[39m
2025-04-24 20:06:44:644 [31merror[39m: [31mAuthentication error: TokenExpiredError: jwt expired[39m
2025-04-24 20:08:07:87 [31merror[39m: [31mAuthentication error: TokenExpiredError: jwt expired[39m
2025-04-24 20:08:07:87 [31merror[39m: [31mAuthentication error: TokenExpiredError: jwt expired[39m
2025-04-24 20:08:13:813 [31merror[39m: [31mAuthentication error: TokenExpiredError: jwt expired[39m
2025-04-24 20:08:13:813 [31merror[39m: [31mAuthentication error: TokenExpiredError: jwt expired[39m
2025-04-24 20:08:40:840 [31merror[39m: [31mAuthentication error: TokenExpiredError: jwt expired[39m
2025-04-24 20:08:40:840 [31merror[39m: [31mAuthentication error: TokenExpiredError: jwt expired[39m
2025-04-24 20:08:43:843 [31merror[39m: [31mAuthentication error: TokenExpiredError: jwt expired[39m
2025-04-24 20:08:43:843 [31merror[39m: [31mAuthentication error: TokenExpiredError: jwt expired[39m
2025-04-24 20:08:44:844 [31merror[39m: [31mAuthentication error: TokenExpiredError: jwt expired[39m
2025-04-24 20:08:44:844 [31merror[39m: [31mAuthentication error: TokenExpiredError: jwt expired[39m
2025-04-24 20:09:27:927 [31merror[39m: [31m404 - Not Found - /api/odds/sport/ - /api/odds/sport/ - GET - ::ffff:127.0.0.1[39m
2025-04-24 20:10:28:1028 [31merror[39m: [31m404 - Not Found - /api/odds/sport/ - /api/odds/sport/ - GET - ::ffff:127.0.0.1[39m
2025-04-24 20:10:29:1029 [31merror[39m: [31m404 - Not Found - /api/odds/sport/ - /api/odds/sport/ - GET - ::ffff:127.0.0.1[39m
2025-04-24 20:10:32:1032 [31merror[39m: [31m404 - Not Found - /api/odds/sport/ - /api/odds/sport/ - GET - ::ffff:127.0.0.1[39m
2025-04-24 20:20:39:2039 [31merror[39m: [31m404 - Not Found - /api/odds/sport/ - /api/odds/sport/ - GET - ::ffff:127.0.0.1[39m
2025-04-24 20:21:42:2142 [31merror[39m: [31m404 - Not Found - /api/odds/sport/ - /api/odds/sport/ - GET - ::ffff:127.0.0.1[39m
2025-04-24 20:22:36:2236 [31merror[39m: [31m404 - Not Found - /api/odds/sport/ - /api/odds/sport/ - GET - ::ffff:127.0.0.1[39m
2025-04-24 20:22:39:2239 [31merror[39m: [31m404 - Not Found - /api/odds/sport/ - /api/odds/sport/ - GET - ::ffff:127.0.0.1[39m
2025-04-24 20:25:28:2528 [31merror[39m: [31m404 - Not Found - /api/odds/sport/ - /api/odds/sport/ - GET - ::ffff:127.0.0.1[39m
2025-04-24 20:30:18:3018 [31merror[39m: [31m404 - Not Found - /api/odds/sport/ - /api/odds/sport/ - GET - ::ffff:127.0.0.1[39m
2025-04-24 22:08:06:86 [31merror[39m: [31mAuthentication error: TokenExpiredError: jwt expired[39m
2025-04-24 22:08:06:86 [31merror[39m: [31mAuthentication error: TokenExpiredError: jwt expired[39m
2025-04-25 00:00:40:040 [31merror[39m: [31mAuthentication error: TokenExpiredError: jwt expired[39m
2025-04-25 00:00:40:040 [31merror[39m: [31mAuthentication error: TokenExpiredError: jwt expired[39m
2025-04-25 00:02:33:233 [31merror[39m: [31mAuthentication error: TokenExpiredError: jwt expired[39m
2025-04-25 00:02:33:233 [31merror[39m: [31mAuthentication error: TokenExpiredError: jwt expired[39m
