2025-04-24 01:09:46,555 - INFO - Starting sports odds scraper...
2025-04-24 01:09:46,555 - INFO - Fetching odds for soccer_epl - Attempt 1
2025-04-24 01:09:47,246 - ERROR - Error on attempt 1: 422 Client Error: Unprocessable Entity for url: https://api.the-odds-api.com/v4/sports/soccer_epl/odds?apiKey=d1f42b7d27541e611b9f1fd57ed75926&regions=ke&markets=h2h%2Cspreads%2Ctotals&oddsFormat=decimal
2025-04-24 01:09:47,246 - INFO - Retrying in 2 seconds...
2025-04-24 01:09:49,247 - INFO - Fetching odds for soccer_epl - Attempt 2
2025-04-24 01:09:49,915 - ERROR - Error on attempt 2: 422 Client Error: Unprocessable Entity for url: https://api.the-odds-api.com/v4/sports/soccer_epl/odds?apiKey=d1f42b7d27541e611b9f1fd57ed75926&regions=ke&markets=h2h%2Cspreads%2Ctotals&oddsFormat=decimal
2025-04-24 01:09:49,916 - INFO - Retrying in 4 seconds...
2025-04-24 01:09:53,916 - INFO - Fetching odds for soccer_epl - Attempt 3
2025-04-24 01:09:54,563 - ERROR - Error on attempt 3: 422 Client Error: Unprocessable Entity for url: https://api.the-odds-api.com/v4/sports/soccer_epl/odds?apiKey=d1f42b7d27541e611b9f1fd57ed75926&regions=ke&markets=h2h%2Cspreads%2Ctotals&oddsFormat=decimal
2025-04-24 01:09:54,564 - INFO - Retrying in 8 seconds...
2025-04-24 01:10:02,564 - INFO - Fetching odds for soccer_epl - Attempt 4
2025-04-24 01:10:03,216 - ERROR - Error on attempt 4: 422 Client Error: Unprocessable Entity for url: https://api.the-odds-api.com/v4/sports/soccer_epl/odds?apiKey=d1f42b7d27541e611b9f1fd57ed75926&regions=ke&markets=h2h%2Cspreads%2Ctotals&oddsFormat=decimal
2025-04-24 01:10:03,216 - INFO - Retrying in 16 seconds...
2025-04-24 01:10:19,217 - INFO - Fetching odds for soccer_epl - Attempt 5
2025-04-24 01:10:19,869 - ERROR - Error on attempt 5: 422 Client Error: Unprocessable Entity for url: https://api.the-odds-api.com/v4/sports/soccer_epl/odds?apiKey=d1f42b7d27541e611b9f1fd57ed75926&regions=ke&markets=h2h%2Cspreads%2Ctotals&oddsFormat=decimal
2025-04-24 01:10:19,870 - ERROR - Failed to fetch odds for soccer_epl after 5 attempts
2025-04-24 01:10:19,870 - WARNING - No data fetched for soccer_epl
2025-04-24 01:10:19,870 - INFO - Fetching odds for soccer_kenya_premier_league - Attempt 1
2025-04-24 01:10:20,519 - ERROR - Error on attempt 1: 404 Client Error: Not Found for url: https://api.the-odds-api.com/v4/sports/soccer_kenya_premier_league/odds?apiKey=d1f42b7d27541e611b9f1fd57ed75926&regions=ke&markets=h2h%2Cspreads%2Ctotals&oddsFormat=decimal
2025-04-24 01:10:20,520 - INFO - Retrying in 2 seconds...
2025-04-24 01:10:22,520 - INFO - Fetching odds for soccer_kenya_premier_league - Attempt 2
2025-04-24 01:10:23,162 - ERROR - Error on attempt 2: 404 Client Error: Not Found for url: https://api.the-odds-api.com/v4/sports/soccer_kenya_premier_league/odds?apiKey=d1f42b7d27541e611b9f1fd57ed75926&regions=ke&markets=h2h%2Cspreads%2Ctotals&oddsFormat=decimal
2025-04-24 01:10:23,162 - INFO - Retrying in 4 seconds...
2025-04-24 01:10:27,162 - INFO - Fetching odds for soccer_kenya_premier_league - Attempt 3
2025-04-24 01:10:27,827 - ERROR - Error on attempt 3: 404 Client Error: Not Found for url: https://api.the-odds-api.com/v4/sports/soccer_kenya_premier_league/odds?apiKey=d1f42b7d27541e611b9f1fd57ed75926&regions=ke&markets=h2h%2Cspreads%2Ctotals&oddsFormat=decimal
2025-04-24 01:10:27,827 - INFO - Retrying in 8 seconds...
2025-04-24 01:10:35,827 - INFO - Fetching odds for soccer_kenya_premier_league - Attempt 4
2025-04-24 01:10:36,458 - ERROR - Error on attempt 4: 404 Client Error: Not Found for url: https://api.the-odds-api.com/v4/sports/soccer_kenya_premier_league/odds?apiKey=d1f42b7d27541e611b9f1fd57ed75926&regions=ke&markets=h2h%2Cspreads%2Ctotals&oddsFormat=decimal
2025-04-24 01:10:36,459 - INFO - Retrying in 16 seconds...
2025-04-24 01:10:52,459 - INFO - Fetching odds for soccer_kenya_premier_league - Attempt 5
2025-04-24 01:10:53,200 - ERROR - Error on attempt 5: 404 Client Error: Not Found for url: https://api.the-odds-api.com/v4/sports/soccer_kenya_premier_league/odds?apiKey=d1f42b7d27541e611b9f1fd57ed75926&regions=ke&markets=h2h%2Cspreads%2Ctotals&oddsFormat=decimal
2025-04-24 01:10:53,200 - ERROR - Failed to fetch odds for soccer_kenya_premier_league after 5 attempts
2025-04-24 01:10:53,200 - WARNING - No data fetched for soccer_kenya_premier_league
2025-04-24 01:10:53,200 - INFO - Fetching odds for basketball_nba - Attempt 1
2025-04-24 01:10:53,856 - ERROR - Error on attempt 1: 422 Client Error: Unprocessable Entity for url: https://api.the-odds-api.com/v4/sports/basketball_nba/odds?apiKey=d1f42b7d27541e611b9f1fd57ed75926&regions=ke&markets=h2h%2Cspreads%2Ctotals&oddsFormat=decimal
2025-04-24 01:10:53,857 - INFO - Retrying in 2 seconds...
2025-04-24 01:10:55,857 - INFO - Fetching odds for basketball_nba - Attempt 2
2025-04-24 01:10:56,519 - ERROR - Error on attempt 2: 422 Client Error: Unprocessable Entity for url: https://api.the-odds-api.com/v4/sports/basketball_nba/odds?apiKey=d1f42b7d27541e611b9f1fd57ed75926&regions=ke&markets=h2h%2Cspreads%2Ctotals&oddsFormat=decimal
2025-04-24 01:10:56,519 - INFO - Retrying in 4 seconds...
2025-04-24 01:11:00,519 - INFO - Fetching odds for basketball_nba - Attempt 3
2025-04-24 01:11:01,192 - ERROR - Error on attempt 3: 422 Client Error: Unprocessable Entity for url: https://api.the-odds-api.com/v4/sports/basketball_nba/odds?apiKey=d1f42b7d27541e611b9f1fd57ed75926&regions=ke&markets=h2h%2Cspreads%2Ctotals&oddsFormat=decimal
2025-04-24 01:11:01,192 - INFO - Retrying in 8 seconds...
2025-04-24 01:11:09,192 - INFO - Fetching odds for basketball_nba - Attempt 4
2025-04-24 01:11:09,871 - ERROR - Error on attempt 4: 422 Client Error: Unprocessable Entity for url: https://api.the-odds-api.com/v4/sports/basketball_nba/odds?apiKey=d1f42b7d27541e611b9f1fd57ed75926&regions=ke&markets=h2h%2Cspreads%2Ctotals&oddsFormat=decimal
2025-04-24 01:11:09,872 - INFO - Retrying in 16 seconds...
2025-04-24 01:11:25,872 - INFO - Fetching odds for basketball_nba - Attempt 5
2025-04-24 01:11:26,526 - ERROR - Error on attempt 5: 422 Client Error: Unprocessable Entity for url: https://api.the-odds-api.com/v4/sports/basketball_nba/odds?apiKey=d1f42b7d27541e611b9f1fd57ed75926&regions=ke&markets=h2h%2Cspreads%2Ctotals&oddsFormat=decimal
2025-04-24 01:11:26,526 - ERROR - Failed to fetch odds for basketball_nba after 5 attempts
2025-04-24 01:11:26,527 - WARNING - No data fetched for basketball_nba
2025-04-24 01:11:26,527 - INFO - Fetching odds for cricket_icc_world_cup - Attempt 1
2025-04-24 01:11:27,178 - ERROR - Error on attempt 1: 422 Client Error: Unprocessable Entity for url: https://api.the-odds-api.com/v4/sports/cricket_icc_world_cup/odds?apiKey=d1f42b7d27541e611b9f1fd57ed75926&regions=ke&markets=h2h%2Cspreads%2Ctotals&oddsFormat=decimal
2025-04-24 01:11:27,179 - INFO - Retrying in 2 seconds...
2025-04-24 01:11:29,179 - INFO - Fetching odds for cricket_icc_world_cup - Attempt 2
2025-04-24 01:11:29,847 - ERROR - Error on attempt 2: 422 Client Error: Unprocessable Entity for url: https://api.the-odds-api.com/v4/sports/cricket_icc_world_cup/odds?apiKey=d1f42b7d27541e611b9f1fd57ed75926&regions=ke&markets=h2h%2Cspreads%2Ctotals&oddsFormat=decimal
2025-04-24 01:11:29,848 - INFO - Retrying in 4 seconds...
2025-04-24 01:11:33,848 - INFO - Fetching odds for cricket_icc_world_cup - Attempt 3
2025-04-24 01:11:34,491 - ERROR - Error on attempt 3: 422 Client Error: Unprocessable Entity for url: https://api.the-odds-api.com/v4/sports/cricket_icc_world_cup/odds?apiKey=d1f42b7d27541e611b9f1fd57ed75926&regions=ke&markets=h2h%2Cspreads%2Ctotals&oddsFormat=decimal
2025-04-24 01:11:34,491 - INFO - Retrying in 8 seconds...
2025-04-24 01:11:42,492 - INFO - Fetching odds for cricket_icc_world_cup - Attempt 4
2025-04-24 01:11:43,160 - ERROR - Error on attempt 4: 422 Client Error: Unprocessable Entity for url: https://api.the-odds-api.com/v4/sports/cricket_icc_world_cup/odds?apiKey=d1f42b7d27541e611b9f1fd57ed75926&regions=ke&markets=h2h%2Cspreads%2Ctotals&oddsFormat=decimal
2025-04-24 01:11:43,160 - INFO - Retrying in 16 seconds...
2025-04-24 01:11:59,160 - INFO - Fetching odds for cricket_icc_world_cup - Attempt 5
2025-04-24 01:11:59,863 - ERROR - Error on attempt 5: 422 Client Error: Unprocessable Entity for url: https://api.the-odds-api.com/v4/sports/cricket_icc_world_cup/odds?apiKey=d1f42b7d27541e611b9f1fd57ed75926&regions=ke&markets=h2h%2Cspreads%2Ctotals&oddsFormat=decimal
2025-04-24 01:11:59,863 - ERROR - Failed to fetch odds for cricket_icc_world_cup after 5 attempts
2025-04-24 01:11:59,864 - WARNING - No data fetched for cricket_icc_world_cup
2025-04-24 01:11:59,864 - INFO - Fetching odds for rugbyunion_world_cup - Attempt 1
2025-04-24 01:12:00,529 - ERROR - Error on attempt 1: 422 Client Error: Unprocessable Entity for url: https://api.the-odds-api.com/v4/sports/rugbyunion_world_cup/odds?apiKey=d1f42b7d27541e611b9f1fd57ed75926&regions=ke&markets=h2h%2Cspreads%2Ctotals&oddsFormat=decimal
2025-04-24 01:12:00,530 - INFO - Retrying in 2 seconds...
2025-04-24 01:12:02,530 - INFO - Fetching odds for rugbyunion_world_cup - Attempt 2
2025-04-24 01:12:03,201 - ERROR - Error on attempt 2: 422 Client Error: Unprocessable Entity for url: https://api.the-odds-api.com/v4/sports/rugbyunion_world_cup/odds?apiKey=d1f42b7d27541e611b9f1fd57ed75926&regions=ke&markets=h2h%2Cspreads%2Ctotals&oddsFormat=decimal
2025-04-24 01:12:03,201 - INFO - Retrying in 4 seconds...
2025-04-24 01:12:07,202 - INFO - Fetching odds for rugbyunion_world_cup - Attempt 3
2025-04-24 01:12:07,860 - ERROR - Error on attempt 3: 422 Client Error: Unprocessable Entity for url: https://api.the-odds-api.com/v4/sports/rugbyunion_world_cup/odds?apiKey=d1f42b7d27541e611b9f1fd57ed75926&regions=ke&markets=h2h%2Cspreads%2Ctotals&oddsFormat=decimal
2025-04-24 01:12:07,860 - INFO - Retrying in 8 seconds...
2025-04-24 01:12:15,860 - INFO - Fetching odds for rugbyunion_world_cup - Attempt 4
2025-04-24 01:12:16,520 - ERROR - Error on attempt 4: 422 Client Error: Unprocessable Entity for url: https://api.the-odds-api.com/v4/sports/rugbyunion_world_cup/odds?apiKey=d1f42b7d27541e611b9f1fd57ed75926&regions=ke&markets=h2h%2Cspreads%2Ctotals&oddsFormat=decimal
2025-04-24 01:12:16,521 - INFO - Retrying in 16 seconds...
2025-04-24 01:12:32,521 - INFO - Fetching odds for rugbyunion_world_cup - Attempt 5
2025-04-24 01:12:33,196 - ERROR - Error on attempt 5: 422 Client Error: Unprocessable Entity for url: https://api.the-odds-api.com/v4/sports/rugbyunion_world_cup/odds?apiKey=d1f42b7d27541e611b9f1fd57ed75926&regions=ke&markets=h2h%2Cspreads%2Ctotals&oddsFormat=decimal
2025-04-24 01:12:33,197 - ERROR - Failed to fetch odds for rugbyunion_world_cup after 5 attempts
2025-04-24 01:12:33,197 - WARNING - No data fetched for rugbyunion_world_cup
2025-04-24 01:12:33,197 - ERROR - No data to save.
2025-04-24 01:18:54,670 - INFO - Starting sports odds scraper...
2025-04-24 01:18:54,670 - INFO - Fetching odds for soccer_epl - Attempt 1
2025-04-24 01:18:55,445 - INFO - API requests remaining: 498
2025-04-24 01:18:55,449 - INFO - Successfully fetched 19 events for soccer_epl
2025-04-24 01:18:55,449 - INFO - Fetching odds for soccer_spain_la_liga - Attempt 1
2025-04-24 01:18:56,176 - INFO - API requests remaining: 497
2025-04-24 01:18:56,181 - INFO - Successfully fetched 15 events for soccer_spain_la_liga
2025-04-24 01:18:56,181 - INFO - Fetching odds for basketball_nba - Attempt 1
2025-04-24 01:18:56,877 - INFO - API requests remaining: 496
2025-04-24 01:18:56,879 - INFO - Successfully fetched 8 events for basketball_nba
2025-04-24 01:18:56,879 - INFO - Fetching odds for americanfootball_nfl - Attempt 1
2025-04-24 01:18:57,543 - INFO - API requests remaining: 496
2025-04-24 01:18:57,543 - WARNING - No data fetched for americanfootball_nfl
2025-04-24 01:18:57,543 - INFO - Fetching odds for baseball_mlb - Attempt 1
2025-04-24 01:18:58,218 - INFO - API requests remaining: 495
2025-04-24 01:18:58,220 - INFO - Successfully fetched 18 events for baseball_mlb
2025-04-24 01:18:58,223 - INFO - Successfully saved 20 events to sports_odds.json (7.25 KB)
2025-04-24 01:18:58,223 - INFO - Successfully scraped and saved 20 sporting events
2025-04-24 22:46:06,020 - INFO - Starting sports odds scraper...
2025-04-24 22:46:06,021 - INFO - Fetching odds for soccer_epl - Attempt 1
2025-04-24 22:46:07,823 - INFO - API requests remaining: 494
2025-04-24 22:46:07,828 - INFO - Successfully fetched 19 events for soccer_epl
2025-04-24 22:46:07,829 - INFO - Fetching odds for soccer_spain_la_liga - Attempt 1
2025-04-24 22:46:08,647 - INFO - API requests remaining: 493
2025-04-24 22:46:08,650 - INFO - Successfully fetched 14 events for soccer_spain_la_liga
2025-04-24 22:46:08,651 - INFO - Fetching odds for basketball_nba - Attempt 1
2025-04-24 22:46:09,466 - INFO - API requests remaining: 492
2025-04-24 22:46:09,469 - INFO - Successfully fetched 8 events for basketball_nba
2025-04-24 22:46:09,469 - INFO - Fetching odds for americanfootball_nfl - Attempt 1
2025-04-24 22:46:10,257 - INFO - API requests remaining: 492
2025-04-24 22:46:10,258 - WARNING - No data fetched for americanfootball_nfl
2025-04-24 22:46:10,259 - INFO - Fetching odds for baseball_mlb - Attempt 1
2025-04-24 22:46:10,985 - INFO - API requests remaining: 491
2025-04-24 22:46:10,988 - INFO - Successfully fetched 19 events for baseball_mlb
2025-04-24 22:46:10,992 - INFO - Successfully saved 20 events to sports_odds.json (7.26 KB)
2025-04-24 22:46:10,992 - INFO - Successfully scraped and saved 20 sporting events
